15:45:05.785 debug: 2025/11/5 15:45:05
15:45:05.785 debug: Project: D:\course\游戏开发\练习\2048\2048
15:45:05.785 debug: Targets: editor,preview
15:45:05.790 debug: Incremental file seems great.
15:45:05.791 debug: Engine path: D:\Cocos_bainjiqi\Creator\3.8.7\resources\resources\3d\engine
15:45:05.806 debug: Initializing target [Editor]
15:45:05.807 debug: Loading cache
15:45:05.808 debug: Loading cache costs 1.738999999999578ms.
15:45:05.809 debug: Engine features shipped in editor: base,gfx-webgl,gfx-webgl2,gfx-empty,gfx-webgpu,3d,animation,skeletal-animation,2d,rich-text,mask,graphics,ui-skew,ui,affine-transform,sorting-2d,particle,particle-2d,physics-framework,physics-cannon,physics-physx,physics-ammo,physics-builtin,physics-2d-framework,physics-2d-box2d-jsb,physics-2d-box2d,physics-2d-builtin,physics-2d-box2d-wasm,intersection-2d,primitive,profiler,occlusion-query,geometry-renderer,debug-renderer,audio,video,xr,light-probe,terrain,webview,tween,tiled-map,vendor-google,spine-3.8,spine-4.2,dragon-bones,marionette,procedural-animation,custom-pipeline,custom-pipeline-builtin-scripts,custom-pipeline-post-process,legacy-pipeline,websocket,websocket-server,meshopt
15:45:05.809 debug: Our import map(foo:/bar): {
  "imports": {
    "cc": "cce:/internal/x/cc"
  }
}
15:45:05.810 debug: Initializing target [Preview]
15:45:05.810 debug: Loading cache
15:45:05.811 debug: Loading cache costs 1.099699999999757ms.
15:45:05.811 debug: Our import map(foo:/bar): {
  "imports": {
    "cc": "cce:/internal/x/cc"
  }
}
15:45:05.866 debug: Sync engine features: 2d,affine-transform,animation,audio,base,dragon-bones,gfx-webgl,gfx-webgl2,graphics,intersection-2d,legacy-pipeline,mask,particle-2d,physics-2d-box2d,profiler,rich-text,spine-3.8,tiled-map,tween,ui,video,webview
15:45:05.869 debug: Reset databases. Enumerated domains: [
  {
    "root": "db://internal/",
    "physical": "D:\\Cocos_bainjiqi\\Creator\\3.8.7\\resources\\resources\\3d\\engine\\editor\\assets"
  },
  {
    "root": "db://assets/",
    "physical": "D:\\course\\游戏开发\\练习\\2048\\2048\\assets"
  }
]
15:45:05.870 debug: Our import map(foo:/bar): {
  "imports": {
    "cc": "cce:/internal/x/cc",
    "db://internal/": "file:///D:/Cocos_bainjiqi/Creator/3.8.7/resources/resources/3d/engine/editor/assets/",
    "db://assets/": "file:///D:/course/%E6%B8%B8%E6%88%8F%E5%BC%80%E5%8F%91/%E7%BB%83%E4%B9%A0/2048/2048/assets/"
  }
}
15:45:05.872 debug: Our import map(foo:/bar): {
  "imports": {
    "cc": "cce:/internal/x/cc",
    "db://internal/": "file:///D:/Cocos_bainjiqi/Creator/3.8.7/resources/resources/3d/engine/editor/assets/",
    "db://assets/": "file:///D:/course/%E6%B8%B8%E6%88%8F%E5%BC%80%E5%8F%91/%E7%BB%83%E4%B9%A0/2048/2048/assets/"
  }
}
15:45:05.874 debug: Pulling asset-db.
15:45:05.877 debug: Fetch asset-db cost: 3.03020000000015ms.
15:45:05.879 debug: Build iteration starts.
Number of accumulated asset changes: 0
Feature changed: false
15:45:05.879 debug: Target(editor) build started.
15:45:05.887 debug: Detected change: cce:/internal/x/cc. Last mtime: Thu Jan 01 1970 08:00:07 GMT+0800 (中国标准时间), Current mtime: Thu Jan 01 1970 08:00:07 GMT+0800 (中国标准时间)
15:45:05.887 debug: Inspect cce:/internal/x/cc
15:45:05.959 debug: transform url: 'cce:/internal/x/cc' costs: 72.30 ms
15:45:05.962 debug: Resolve cce:/internal/x/cc-fu/base from cce:/internal/x/cc as external dependency cce:/internal/x/cc-fu/base.
15:45:05.962 debug: Resolve cce:/internal/x/cc-fu/gfx-webgl from cce:/internal/x/cc as external dependency cce:/internal/x/cc-fu/gfx-webgl.
15:45:05.962 debug: Resolve cce:/internal/x/cc-fu/gfx-webgl2 from cce:/internal/x/cc as external dependency cce:/internal/x/cc-fu/gfx-webgl2.
15:45:05.962 debug: Resolve cce:/internal/x/cc-fu/gfx-empty from cce:/internal/x/cc as external dependency cce:/internal/x/cc-fu/gfx-empty.
15:45:05.962 debug: Resolve cce:/internal/x/cc-fu/gfx-webgpu from cce:/internal/x/cc as external dependency cce:/internal/x/cc-fu/gfx-webgpu.
15:45:05.962 debug: Resolve cce:/internal/x/cc-fu/3d from cce:/internal/x/cc as external dependency cce:/internal/x/cc-fu/3d.
15:45:05.962 debug: Resolve cce:/internal/x/cc-fu/animation from cce:/internal/x/cc as external dependency cce:/internal/x/cc-fu/animation.
15:45:05.962 debug: Resolve cce:/internal/x/cc-fu/skeletal-animation from cce:/internal/x/cc as external dependency cce:/internal/x/cc-fu/skeletal-animation.
15:45:05.962 debug: Resolve cce:/internal/x/cc-fu/2d from cce:/internal/x/cc as external dependency cce:/internal/x/cc-fu/2d.
15:45:05.962 debug: Resolve cce:/internal/x/cc-fu/sorting from cce:/internal/x/cc as external dependency cce:/internal/x/cc-fu/sorting.
15:45:05.962 debug: Resolve cce:/internal/x/cc-fu/rich-text from cce:/internal/x/cc as external dependency cce:/internal/x/cc-fu/rich-text.
15:45:05.962 debug: Resolve cce:/internal/x/cc-fu/mask from cce:/internal/x/cc as external dependency cce:/internal/x/cc-fu/mask.
15:45:05.962 debug: Resolve cce:/internal/x/cc-fu/graphics from cce:/internal/x/cc as external dependency cce:/internal/x/cc-fu/graphics.
15:45:05.962 debug: Resolve cce:/internal/x/cc-fu/ui-skew from cce:/internal/x/cc as external dependency cce:/internal/x/cc-fu/ui-skew.
15:45:05.962 debug: Resolve cce:/internal/x/cc-fu/ui from cce:/internal/x/cc as external dependency cce:/internal/x/cc-fu/ui.
15:45:05.963 debug: Resolve cce:/internal/x/cc-fu/affine-transform from cce:/internal/x/cc as external dependency cce:/internal/x/cc-fu/affine-transform.
15:45:05.963 debug: Resolve cce:/internal/x/cc-fu/sorting-2d from cce:/internal/x/cc as external dependency cce:/internal/x/cc-fu/sorting-2d.
15:45:05.963 debug: Resolve cce:/internal/x/cc-fu/particle from cce:/internal/x/cc as external dependency cce:/internal/x/cc-fu/particle.
15:45:05.963 debug: Resolve cce:/internal/x/cc-fu/particle-2d from cce:/internal/x/cc as external dependency cce:/internal/x/cc-fu/particle-2d.
15:45:05.963 debug: Resolve cce:/internal/x/cc-fu/physics-framework from cce:/internal/x/cc as external dependency cce:/internal/x/cc-fu/physics-framework.
15:45:05.963 debug: Resolve cce:/internal/x/cc-fu/physics-cannon from cce:/internal/x/cc as external dependency cce:/internal/x/cc-fu/physics-cannon.
15:45:05.963 debug: Resolve cce:/internal/x/cc-fu/physics-physx from cce:/internal/x/cc as external dependency cce:/internal/x/cc-fu/physics-physx.
15:45:05.963 debug: Resolve cce:/internal/x/cc-fu/physics-ammo from cce:/internal/x/cc as external dependency cce:/internal/x/cc-fu/physics-ammo.
15:45:05.963 debug: Resolve cce:/internal/x/cc-fu/physics-builtin from cce:/internal/x/cc as external dependency cce:/internal/x/cc-fu/physics-builtin.
15:45:05.963 debug: Resolve cce:/internal/x/cc-fu/physics-2d-framework from cce:/internal/x/cc as external dependency cce:/internal/x/cc-fu/physics-2d-framework.
15:45:05.963 debug: Resolve cce:/internal/x/cc-fu/physics-2d-box2d-jsb from cce:/internal/x/cc as external dependency cce:/internal/x/cc-fu/physics-2d-box2d-jsb.
15:45:05.963 debug: Resolve cce:/internal/x/cc-fu/physics-2d-box2d from cce:/internal/x/cc as external dependency cce:/internal/x/cc-fu/physics-2d-box2d.
15:45:05.963 debug: Resolve cce:/internal/x/cc-fu/physics-2d-builtin from cce:/internal/x/cc as external dependency cce:/internal/x/cc-fu/physics-2d-builtin.
15:45:05.963 debug: Resolve cce:/internal/x/cc-fu/physics-2d-box2d-wasm from cce:/internal/x/cc as external dependency cce:/internal/x/cc-fu/physics-2d-box2d-wasm.
15:45:05.963 debug: Resolve cce:/internal/x/cc-fu/intersection-2d from cce:/internal/x/cc as external dependency cce:/internal/x/cc-fu/intersection-2d.
15:45:05.963 debug: Resolve cce:/internal/x/cc-fu/primitive from cce:/internal/x/cc as external dependency cce:/internal/x/cc-fu/primitive.
15:45:05.963 debug: Resolve cce:/internal/x/cc-fu/profiler from cce:/internal/x/cc as external dependency cce:/internal/x/cc-fu/profiler.
15:45:05.963 debug: Resolve cce:/internal/x/cc-fu/geometry-renderer from cce:/internal/x/cc as external dependency cce:/internal/x/cc-fu/geometry-renderer.
15:45:05.963 debug: Resolve cce:/internal/x/cc-fu/audio from cce:/internal/x/cc as external dependency cce:/internal/x/cc-fu/audio.
15:45:05.963 debug: Resolve cce:/internal/x/cc-fu/video from cce:/internal/x/cc as external dependency cce:/internal/x/cc-fu/video.
15:45:05.963 debug: Resolve cce:/internal/x/cc-fu/xr from cce:/internal/x/cc as external dependency cce:/internal/x/cc-fu/xr.
15:45:05.963 debug: Resolve cce:/internal/x/cc-fu/light-probe from cce:/internal/x/cc as external dependency cce:/internal/x/cc-fu/light-probe.
15:45:05.964 debug: Resolve cce:/internal/x/cc-fu/terrain from cce:/internal/x/cc as external dependency cce:/internal/x/cc-fu/terrain.
15:45:05.964 debug: Resolve cce:/internal/x/cc-fu/webview from cce:/internal/x/cc as external dependency cce:/internal/x/cc-fu/webview.
15:45:05.964 debug: Resolve cce:/internal/x/cc-fu/tween from cce:/internal/x/cc as external dependency cce:/internal/x/cc-fu/tween.
15:45:05.964 debug: Resolve cce:/internal/x/cc-fu/tiled-map from cce:/internal/x/cc as external dependency cce:/internal/x/cc-fu/tiled-map.
15:45:05.964 debug: Resolve cce:/internal/x/cc-fu/vendor-google from cce:/internal/x/cc as external dependency cce:/internal/x/cc-fu/vendor-google.
15:45:05.964 debug: Resolve cce:/internal/x/cc-fu/spine from cce:/internal/x/cc as external dependency cce:/internal/x/cc-fu/spine.
15:45:05.964 debug: Resolve cce:/internal/x/cc-fu/dragon-bones from cce:/internal/x/cc as external dependency cce:/internal/x/cc-fu/dragon-bones.
15:45:05.964 debug: Resolve cce:/internal/x/cc-fu/custom-pipeline from cce:/internal/x/cc as external dependency cce:/internal/x/cc-fu/custom-pipeline.
15:45:05.964 debug: Resolve cce:/internal/x/cc-fu/custom-pipeline-post-process from cce:/internal/x/cc as external dependency cce:/internal/x/cc-fu/custom-pipeline-post-process.
15:45:05.964 debug: Resolve cce:/internal/x/cc-fu/legacy-pipeline from cce:/internal/x/cc as external dependency cce:/internal/x/cc-fu/legacy-pipeline.
15:45:05.964 debug: Detected change: cce:/internal/x/prerequisite-imports. Last mtime: Thu Jan 01 1970 09:49:51 GMT+0800 (中国标准时间), Current mtime: Thu Jan 01 1970 08:00:07 GMT+0800 (中国标准时间)
15:45:05.964 debug: Inspect cce:/internal/x/prerequisite-imports
15:45:05.982 debug: transform url: 'cce:/internal/x/prerequisite-imports' costs: 17.80 ms
15:45:05.992 debug: Target(editor) ends with cost 113.6884ms.
15:45:05.992 debug: Target(preview) build started.
15:45:05.997 debug: Detected change: cce:/internal/x/cc. Last mtime: Thu Jan 01 1970 08:00:07 GMT+0800 (中国标准时间), Current mtime: Thu Jan 01 1970 08:00:07 GMT+0800 (中国标准时间)
15:45:05.997 debug: Inspect cce:/internal/x/cc
15:45:06.037 debug: transform url: 'cce:/internal/x/cc' costs: 40.00 ms
15:45:06.038 debug: Resolve cce:/internal/x/cc-fu/2d from cce:/internal/x/cc as external dependency cce:/internal/x/cc-fu/2d.
15:45:06.039 debug: Resolve cce:/internal/x/cc-fu/sorting from cce:/internal/x/cc as external dependency cce:/internal/x/cc-fu/sorting.
15:45:06.039 debug: Resolve cce:/internal/x/cc-fu/affine-transform from cce:/internal/x/cc as external dependency cce:/internal/x/cc-fu/affine-transform.
15:45:06.039 debug: Resolve cce:/internal/x/cc-fu/animation from cce:/internal/x/cc as external dependency cce:/internal/x/cc-fu/animation.
15:45:06.039 debug: Resolve cce:/internal/x/cc-fu/audio from cce:/internal/x/cc as external dependency cce:/internal/x/cc-fu/audio.
15:45:06.039 debug: Resolve cce:/internal/x/cc-fu/base from cce:/internal/x/cc as external dependency cce:/internal/x/cc-fu/base.
15:45:06.039 debug: Resolve cce:/internal/x/cc-fu/dragon-bones from cce:/internal/x/cc as external dependency cce:/internal/x/cc-fu/dragon-bones.
15:45:06.039 debug: Resolve cce:/internal/x/cc-fu/gfx-webgl from cce:/internal/x/cc as external dependency cce:/internal/x/cc-fu/gfx-webgl.
15:45:06.039 debug: Resolve cce:/internal/x/cc-fu/gfx-webgl2 from cce:/internal/x/cc as external dependency cce:/internal/x/cc-fu/gfx-webgl2.
15:45:06.039 debug: Resolve cce:/internal/x/cc-fu/graphics from cce:/internal/x/cc as external dependency cce:/internal/x/cc-fu/graphics.
15:45:06.039 debug: Resolve cce:/internal/x/cc-fu/intersection-2d from cce:/internal/x/cc as external dependency cce:/internal/x/cc-fu/intersection-2d.
15:45:06.039 debug: Resolve cce:/internal/x/cc-fu/legacy-pipeline from cce:/internal/x/cc as external dependency cce:/internal/x/cc-fu/legacy-pipeline.
15:45:06.039 debug: Resolve cce:/internal/x/cc-fu/mask from cce:/internal/x/cc as external dependency cce:/internal/x/cc-fu/mask.
15:45:06.039 debug: Resolve cce:/internal/x/cc-fu/particle-2d from cce:/internal/x/cc as external dependency cce:/internal/x/cc-fu/particle-2d.
15:45:06.039 debug: Resolve cce:/internal/x/cc-fu/physics-2d-box2d from cce:/internal/x/cc as external dependency cce:/internal/x/cc-fu/physics-2d-box2d.
15:45:06.039 debug: Resolve cce:/internal/x/cc-fu/physics-2d-framework from cce:/internal/x/cc as external dependency cce:/internal/x/cc-fu/physics-2d-framework.
15:45:06.039 debug: Resolve cce:/internal/x/cc-fu/profiler from cce:/internal/x/cc as external dependency cce:/internal/x/cc-fu/profiler.
15:45:06.039 debug: Resolve cce:/internal/x/cc-fu/rich-text from cce:/internal/x/cc as external dependency cce:/internal/x/cc-fu/rich-text.
15:45:06.039 debug: Resolve cce:/internal/x/cc-fu/spine from cce:/internal/x/cc as external dependency cce:/internal/x/cc-fu/spine.
15:45:06.039 debug: Resolve cce:/internal/x/cc-fu/tiled-map from cce:/internal/x/cc as external dependency cce:/internal/x/cc-fu/tiled-map.
15:45:06.040 debug: Resolve cce:/internal/x/cc-fu/tween from cce:/internal/x/cc as external dependency cce:/internal/x/cc-fu/tween.
15:45:06.040 debug: Resolve cce:/internal/x/cc-fu/ui from cce:/internal/x/cc as external dependency cce:/internal/x/cc-fu/ui.
15:45:06.040 debug: Resolve cce:/internal/x/cc-fu/video from cce:/internal/x/cc as external dependency cce:/internal/x/cc-fu/video.
15:45:06.040 debug: Resolve cce:/internal/x/cc-fu/webview from cce:/internal/x/cc as external dependency cce:/internal/x/cc-fu/webview.
15:45:06.040 debug: Detected change: cce:/internal/x/prerequisite-imports. Last mtime: Thu Jan 01 1970 09:49:51 GMT+0800 (中国标准时间), Current mtime: Thu Jan 01 1970 08:00:07 GMT+0800 (中国标准时间)
15:45:06.040 debug: Inspect cce:/internal/x/prerequisite-imports
15:45:06.055 debug: transform url: 'cce:/internal/x/prerequisite-imports' costs: 15.40 ms
15:45:06.064 debug: Target(preview) ends with cost 71.88569999999982ms.
15:45:07.491 debug: Pulling asset-db.
15:45:08.130 debug: Fetch asset-db cost: 637.882599999999ms.
15:45:08.132 debug: Build iteration starts.
Number of accumulated asset changes: 14
Feature changed: false
15:45:08.132 debug: Target(editor) build started.
15:45:08.138 debug: Detected change: cce:/internal/x/prerequisite-imports. Last mtime: Thu Jan 01 1970 08:00:07 GMT+0800 (中国标准时间), Current mtime: Thu Jan 01 1970 08:00:10 GMT+0800 (中国标准时间)
15:45:08.139 debug: Inspect cce:/internal/x/prerequisite-imports
15:45:08.159 debug: transform url: 'cce:/internal/x/prerequisite-imports' costs: 19.90 ms
15:45:08.163 debug: Resolve file:///D:/Cocos_bainjiqi/Creator/3.8.7/resources/resources/3d/engine/editor/assets/default_renderpipeline/builtin-dof-pass.ts from cce:/internal/x/prerequisite-imports as file:///D:/Cocos_bainjiqi/Creator/3.8.7/resources/resources/3d/engine/editor/assets/default_renderpipeline/builtin-dof-pass.ts.
15:45:08.165 debug: Resolve file:///D:/Cocos_bainjiqi/Creator/3.8.7/resources/resources/3d/engine/editor/assets/default_renderpipeline/builtin-pipeline-pass.ts from cce:/internal/x/prerequisite-imports as file:///D:/Cocos_bainjiqi/Creator/3.8.7/resources/resources/3d/engine/editor/assets/default_renderpipeline/builtin-pipeline-pass.ts.
15:45:08.167 debug: Resolve file:///D:/Cocos_bainjiqi/Creator/3.8.7/resources/resources/3d/engine/editor/assets/default_renderpipeline/builtin-pipeline-settings.ts from cce:/internal/x/prerequisite-imports as file:///D:/Cocos_bainjiqi/Creator/3.8.7/resources/resources/3d/engine/editor/assets/default_renderpipeline/builtin-pipeline-settings.ts.
15:45:08.170 debug: Resolve file:///D:/Cocos_bainjiqi/Creator/3.8.7/resources/resources/3d/engine/editor/assets/default_renderpipeline/builtin-pipeline-types.ts from cce:/internal/x/prerequisite-imports as file:///D:/Cocos_bainjiqi/Creator/3.8.7/resources/resources/3d/engine/editor/assets/default_renderpipeline/builtin-pipeline-types.ts.
15:45:08.173 debug: Resolve file:///D:/Cocos_bainjiqi/Creator/3.8.7/resources/resources/3d/engine/editor/assets/default_renderpipeline/builtin-pipeline.ts from cce:/internal/x/prerequisite-imports as file:///D:/Cocos_bainjiqi/Creator/3.8.7/resources/resources/3d/engine/editor/assets/default_renderpipeline/builtin-pipeline.ts.
15:45:08.175 debug: Resolve file:///D:/Cocos_bainjiqi/Creator/3.8.7/resources/resources/3d/engine/editor/assets/tools/debug-view-runtime-control.ts from cce:/internal/x/prerequisite-imports as file:///D:/Cocos_bainjiqi/Creator/3.8.7/resources/resources/3d/engine/editor/assets/tools/debug-view-runtime-control.ts.
15:45:08.177 debug: Resolve file:///D:/course/%E6%B8%B8%E6%88%8F%E5%BC%80%E5%8F%91/%E7%BB%83%E4%B9%A0/2048/2048/assets/sprits/AudioMgr.ts from cce:/internal/x/prerequisite-imports as file:///D:/course/%E6%B8%B8%E6%88%8F%E5%BC%80%E5%8F%91/%E7%BB%83%E4%B9%A0/2048/2048/assets/sprits/AudioMgr.ts.
15:45:08.179 debug: Resolve file:///D:/course/%E6%B8%B8%E6%88%8F%E5%BC%80%E5%8F%91/%E7%BB%83%E4%B9%A0/2048/2048/assets/sprits/Chessboard.ts from cce:/internal/x/prerequisite-imports as file:///D:/course/%E6%B8%B8%E6%88%8F%E5%BC%80%E5%8F%91/%E7%BB%83%E4%B9%A0/2048/2048/assets/sprits/Chessboard.ts.
15:45:08.180 debug: Resolve file:///D:/course/%E6%B8%B8%E6%88%8F%E5%BC%80%E5%8F%91/%E7%BB%83%E4%B9%A0/2048/2048/assets/sprits/GameManager.ts from cce:/internal/x/prerequisite-imports as file:///D:/course/%E6%B8%B8%E6%88%8F%E5%BC%80%E5%8F%91/%E7%BB%83%E4%B9%A0/2048/2048/assets/sprits/GameManager.ts.
15:45:08.182 debug: Resolve file:///D:/course/%E6%B8%B8%E6%88%8F%E5%BC%80%E5%8F%91/%E7%BB%83%E4%B9%A0/2048/2048/assets/sprits/Grid.ts from cce:/internal/x/prerequisite-imports as file:///D:/course/%E6%B8%B8%E6%88%8F%E5%BC%80%E5%8F%91/%E7%BB%83%E4%B9%A0/2048/2048/assets/sprits/Grid.ts.
15:45:08.184 debug: Resolve file:///D:/course/%E6%B8%B8%E6%88%8F%E5%BC%80%E5%8F%91/%E7%BB%83%E4%B9%A0/2048/2048/assets/sprits/Score.ts from cce:/internal/x/prerequisite-imports as file:///D:/course/%E6%B8%B8%E6%88%8F%E5%BC%80%E5%8F%91/%E7%BB%83%E4%B9%A0/2048/2048/assets/sprits/Score.ts.
15:45:08.185 debug: Resolve file:///D:/course/%E6%B8%B8%E6%88%8F%E5%BC%80%E5%8F%91/%E7%BB%83%E4%B9%A0/2048/2048/assets/sprits/Swipe.ts from cce:/internal/x/prerequisite-imports as file:///D:/course/%E6%B8%B8%E6%88%8F%E5%BC%80%E5%8F%91/%E7%BB%83%E4%B9%A0/2048/2048/assets/sprits/Swipe.ts.
15:45:08.187 debug: Resolve file:///D:/course/%E6%B8%B8%E6%88%8F%E5%BC%80%E5%8F%91/%E7%BB%83%E4%B9%A0/2048/2048/assets/sprits/UI/GameOverUI.ts from cce:/internal/x/prerequisite-imports as file:///D:/course/%E6%B8%B8%E6%88%8F%E5%BC%80%E5%8F%91/%E7%BB%83%E4%B9%A0/2048/2048/assets/sprits/UI/GameOverUI.ts.
15:45:08.190 debug: Resolve file:///D:/course/%E6%B8%B8%E6%88%8F%E5%BC%80%E5%8F%91/%E7%BB%83%E4%B9%A0/2048/2048/assets/sprits/UI/GameReadyUI.ts from cce:/internal/x/prerequisite-imports as file:///D:/course/%E6%B8%B8%E6%88%8F%E5%BC%80%E5%8F%91/%E7%BB%83%E4%B9%A0/2048/2048/assets/sprits/UI/GameReadyUI.ts.
15:45:08.191 debug: Detected change: cce:/internal/code-quality/cr.mjs. Last mtime: Wed Nov 05 2025 13:37:58 GMT+0800 (中国标准时间), Current mtime: Wed Nov 05 2025 15:44:57 GMT+0800 (中国标准时间)
15:45:08.191 debug: Inspect cce:/internal/code-quality/cr.mjs
15:45:08.210 debug: transform url: 'cce:/internal/code-quality/cr.mjs' costs: 19.30 ms
15:45:08.249 debug: Target(editor) ends with cost 116.27770000000055ms.
15:45:08.250 debug: Target(preview) build started.
15:45:08.255 debug: Detected change: cce:/internal/x/prerequisite-imports. Last mtime: Thu Jan 01 1970 08:00:07 GMT+0800 (中国标准时间), Current mtime: Thu Jan 01 1970 08:00:10 GMT+0800 (中国标准时间)
15:45:08.255 debug: Inspect cce:/internal/x/prerequisite-imports
15:45:08.273 debug: transform url: 'cce:/internal/x/prerequisite-imports' costs: 16.90 ms
15:45:08.276 debug: Resolve file:///D:/Cocos_bainjiqi/Creator/3.8.7/resources/resources/3d/engine/editor/assets/default_renderpipeline/builtin-dof-pass.ts from cce:/internal/x/prerequisite-imports as file:///D:/Cocos_bainjiqi/Creator/3.8.7/resources/resources/3d/engine/editor/assets/default_renderpipeline/builtin-dof-pass.ts.
15:45:08.278 debug: Resolve file:///D:/Cocos_bainjiqi/Creator/3.8.7/resources/resources/3d/engine/editor/assets/default_renderpipeline/builtin-pipeline-pass.ts from cce:/internal/x/prerequisite-imports as file:///D:/Cocos_bainjiqi/Creator/3.8.7/resources/resources/3d/engine/editor/assets/default_renderpipeline/builtin-pipeline-pass.ts.
15:45:08.280 debug: Resolve file:///D:/Cocos_bainjiqi/Creator/3.8.7/resources/resources/3d/engine/editor/assets/default_renderpipeline/builtin-pipeline-settings.ts from cce:/internal/x/prerequisite-imports as file:///D:/Cocos_bainjiqi/Creator/3.8.7/resources/resources/3d/engine/editor/assets/default_renderpipeline/builtin-pipeline-settings.ts.
15:45:08.282 debug: Resolve file:///D:/Cocos_bainjiqi/Creator/3.8.7/resources/resources/3d/engine/editor/assets/default_renderpipeline/builtin-pipeline-types.ts from cce:/internal/x/prerequisite-imports as file:///D:/Cocos_bainjiqi/Creator/3.8.7/resources/resources/3d/engine/editor/assets/default_renderpipeline/builtin-pipeline-types.ts.
15:45:08.284 debug: Resolve file:///D:/Cocos_bainjiqi/Creator/3.8.7/resources/resources/3d/engine/editor/assets/default_renderpipeline/builtin-pipeline.ts from cce:/internal/x/prerequisite-imports as file:///D:/Cocos_bainjiqi/Creator/3.8.7/resources/resources/3d/engine/editor/assets/default_renderpipeline/builtin-pipeline.ts.
15:45:08.286 debug: Resolve file:///D:/Cocos_bainjiqi/Creator/3.8.7/resources/resources/3d/engine/editor/assets/tools/debug-view-runtime-control.ts from cce:/internal/x/prerequisite-imports as file:///D:/Cocos_bainjiqi/Creator/3.8.7/resources/resources/3d/engine/editor/assets/tools/debug-view-runtime-control.ts.
15:45:08.287 debug: Resolve file:///D:/course/%E6%B8%B8%E6%88%8F%E5%BC%80%E5%8F%91/%E7%BB%83%E4%B9%A0/2048/2048/assets/sprits/AudioMgr.ts from cce:/internal/x/prerequisite-imports as file:///D:/course/%E6%B8%B8%E6%88%8F%E5%BC%80%E5%8F%91/%E7%BB%83%E4%B9%A0/2048/2048/assets/sprits/AudioMgr.ts.
15:45:08.289 debug: Resolve file:///D:/course/%E6%B8%B8%E6%88%8F%E5%BC%80%E5%8F%91/%E7%BB%83%E4%B9%A0/2048/2048/assets/sprits/Chessboard.ts from cce:/internal/x/prerequisite-imports as file:///D:/course/%E6%B8%B8%E6%88%8F%E5%BC%80%E5%8F%91/%E7%BB%83%E4%B9%A0/2048/2048/assets/sprits/Chessboard.ts.
15:45:08.290 debug: Resolve file:///D:/course/%E6%B8%B8%E6%88%8F%E5%BC%80%E5%8F%91/%E7%BB%83%E4%B9%A0/2048/2048/assets/sprits/GameManager.ts from cce:/internal/x/prerequisite-imports as file:///D:/course/%E6%B8%B8%E6%88%8F%E5%BC%80%E5%8F%91/%E7%BB%83%E4%B9%A0/2048/2048/assets/sprits/GameManager.ts.
15:45:08.291 debug: Resolve file:///D:/course/%E6%B8%B8%E6%88%8F%E5%BC%80%E5%8F%91/%E7%BB%83%E4%B9%A0/2048/2048/assets/sprits/Grid.ts from cce:/internal/x/prerequisite-imports as file:///D:/course/%E6%B8%B8%E6%88%8F%E5%BC%80%E5%8F%91/%E7%BB%83%E4%B9%A0/2048/2048/assets/sprits/Grid.ts.
15:45:08.293 debug: Resolve file:///D:/course/%E6%B8%B8%E6%88%8F%E5%BC%80%E5%8F%91/%E7%BB%83%E4%B9%A0/2048/2048/assets/sprits/Score.ts from cce:/internal/x/prerequisite-imports as file:///D:/course/%E6%B8%B8%E6%88%8F%E5%BC%80%E5%8F%91/%E7%BB%83%E4%B9%A0/2048/2048/assets/sprits/Score.ts.
15:45:08.294 debug: Resolve file:///D:/course/%E6%B8%B8%E6%88%8F%E5%BC%80%E5%8F%91/%E7%BB%83%E4%B9%A0/2048/2048/assets/sprits/Swipe.ts from cce:/internal/x/prerequisite-imports as file:///D:/course/%E6%B8%B8%E6%88%8F%E5%BC%80%E5%8F%91/%E7%BB%83%E4%B9%A0/2048/2048/assets/sprits/Swipe.ts.
15:45:08.296 debug: Resolve file:///D:/course/%E6%B8%B8%E6%88%8F%E5%BC%80%E5%8F%91/%E7%BB%83%E4%B9%A0/2048/2048/assets/sprits/UI/GameOverUI.ts from cce:/internal/x/prerequisite-imports as file:///D:/course/%E6%B8%B8%E6%88%8F%E5%BC%80%E5%8F%91/%E7%BB%83%E4%B9%A0/2048/2048/assets/sprits/UI/GameOverUI.ts.
15:45:08.298 debug: Resolve file:///D:/course/%E6%B8%B8%E6%88%8F%E5%BC%80%E5%8F%91/%E7%BB%83%E4%B9%A0/2048/2048/assets/sprits/UI/GameReadyUI.ts from cce:/internal/x/prerequisite-imports as file:///D:/course/%E6%B8%B8%E6%88%8F%E5%BC%80%E5%8F%91/%E7%BB%83%E4%B9%A0/2048/2048/assets/sprits/UI/GameReadyUI.ts.
15:45:08.298 debug: Detected change: cce:/internal/code-quality/cr.mjs. Last mtime: Wed Nov 05 2025 13:37:58 GMT+0800 (中国标准时间), Current mtime: Wed Nov 05 2025 15:44:57 GMT+0800 (中国标准时间)
15:45:08.298 debug: Inspect cce:/internal/code-quality/cr.mjs
15:45:08.314 debug: transform url: 'cce:/internal/code-quality/cr.mjs' costs: 16.00 ms
15:45:08.344 debug: Target(preview) ends with cost 93.9341000000004ms.
